0 info it worked if it ends with ok
1 verbose cli [ 'node', '/usr/local/bin/npm', 'install', '-g', 'learnyounode' ]
2 info using npm@1.3.21
3 info using node@v0.10.24
4 verbose cache add [ 'learnyounode', null ]
5 verbose cache add name=undefined spec="learnyounode" args=["learnyounode",null]
6 verbose parsed url { protocol: null,
6 verbose parsed url   slashes: null,
6 verbose parsed url   auth: null,
6 verbose parsed url   host: null,
6 verbose parsed url   port: null,
6 verbose parsed url   hostname: null,
6 verbose parsed url   hash: null,
6 verbose parsed url   search: null,
6 verbose parsed url   query: null,
6 verbose parsed url   pathname: 'learnyounode',
6 verbose parsed url   path: 'learnyounode',
6 verbose parsed url   href: 'learnyounode' }
7 silly lockFile 8d456d9f-learnyounode learnyounode
8 verbose lock learnyounode /Users/ndhingra/.npm/8d456d9f-learnyounode.lock
9 silly lockFile 8d456d9f-learnyounode learnyounode
10 silly lockFile 8d456d9f-learnyounode learnyounode
11 verbose addNamed [ 'learnyounode', '' ]
12 verbose addNamed [ null, '*' ]
13 silly lockFile a353de34-learnyounode learnyounode@
14 verbose lock learnyounode@ /Users/ndhingra/.npm/a353de34-learnyounode.lock
15 silly addNameRange { name: 'learnyounode', range: '*', hasData: false }
16 verbose url raw learnyounode
17 verbose url resolving [ 'https://registry.npmjs.org/', './learnyounode' ]
18 verbose url resolved https://registry.npmjs.org/learnyounode
19 info trying registry request attempt 1 at 09:09:41
20 http GET https://registry.npmjs.org/learnyounode
21 http 200 https://registry.npmjs.org/learnyounode
22 silly registry.get cb [ 200,
22 silly registry.get   { date: 'Sun, 23 Feb 2014 14:12:39 GMT',
22 silly registry.get     server: 'CouchDB/1.5.0 (Erlang OTP/R16B)',
22 silly registry.get     etag: '"7KQYFXS2WQAXF9H04DLGO4DB2"',
22 silly registry.get     'content-type': 'application/json',
22 silly registry.get     via: '1.1 varnish',
22 silly registry.get     'cache-control': 'max-age=1',
22 silly registry.get     'content-length': '49669',
22 silly registry.get     'accept-ranges': 'bytes',
22 silly registry.get     age: '13',
22 silly registry.get     'x-served-by': 'cache-v44-ASH, cache-at52-ATL',
22 silly registry.get     'x-cache': 'MISS, MISS',
22 silly registry.get     'x-cache-hits': '0, 0',
22 silly registry.get     'x-timer': 'S1393164759.094251633,VS0,VS-92,VE-68,VE38',
22 silly registry.get     vary: 'Accept',
22 silly registry.get     'keep-alive': 'timeout=10, max=50',
22 silly registry.get     connection: 'Keep-Alive' } ]
23 silly addNameRange number 2 { name: 'learnyounode', range: '*', hasData: true }
24 silly addNameRange versions [ 'learnyounode',
24 silly addNameRange   [ '0.0.0',
24 silly addNameRange     '0.0.1',
24 silly addNameRange     '0.0.2',
24 silly addNameRange     '0.0.3',
24 silly addNameRange     '0.0.4',
24 silly addNameRange     '0.0.5',
24 silly addNameRange     '0.0.6',
24 silly addNameRange     '0.0.7',
24 silly addNameRange     '0.0.8',
24 silly addNameRange     '0.0.9',
24 silly addNameRange     '0.1.0',
24 silly addNameRange     '0.1.1',
24 silly addNameRange     '0.2.0',
24 silly addNameRange     '0.2.1',
24 silly addNameRange     '0.2.2',
24 silly addNameRange     '0.2.3',
24 silly addNameRange     '0.2.4',
24 silly addNameRange     '0.2.5',
24 silly addNameRange     '0.2.6',
24 silly addNameRange     '0.2.7',
24 silly addNameRange     '0.2.8',
24 silly addNameRange     '0.2.9',
24 silly addNameRange     '0.2.10',
24 silly addNameRange     '0.2.11',
24 silly addNameRange     '0.2.12',
24 silly addNameRange     '0.2.13',
24 silly addNameRange     '0.2.14',
24 silly addNameRange     '0.2.15',
24 silly addNameRange     '0.2.16',
24 silly addNameRange     '0.2.16-mimbug',
24 silly addNameRange     '0.3.0',
24 silly addNameRange     '0.3.1',
24 silly addNameRange     '0.3.2',
24 silly addNameRange     '0.3.3',
24 silly addNameRange     '0.4.0',
24 silly addNameRange     '0.4.1' ] ]
25 verbose addNamed [ 'learnyounode', '0.4.1' ]
26 verbose addNamed [ '0.4.1', '0.4.1' ]
27 silly lockFile d5424c0b-learnyounode-0-4-1 learnyounode@0.4.1
28 verbose lock learnyounode@0.4.1 /Users/ndhingra/.npm/d5424c0b-learnyounode-0-4-1.lock
29 silly lockFile 49ad8148-rnyounode-learnyounode-0-4-1-tgz https://registry.npmjs.org/learnyounode/-/learnyounode-0.4.1.tgz
30 verbose lock https://registry.npmjs.org/learnyounode/-/learnyounode-0.4.1.tgz /Users/ndhingra/.npm/49ad8148-rnyounode-learnyounode-0-4-1-tgz.lock
31 verbose addRemoteTarball [ 'https://registry.npmjs.org/learnyounode/-/learnyounode-0.4.1.tgz',
31 verbose addRemoteTarball   'af5f25e3181f7dcc0997e16fc7c87291f7af2eea' ]
32 info retry fetch attempt 1 at 09:09:41
33 verbose fetch to= /var/folders/m6/wxxy3tv92xq0cvg7j6hyc3840000gn/T/npm-3537-uVBmSUL2/1393164581957-0.24036914785392582/tmp.tgz
34 http GET https://registry.npmjs.org/learnyounode/-/learnyounode-0.4.1.tgz
35 http 200 https://registry.npmjs.org/learnyounode/-/learnyounode-0.4.1.tgz
36 verbose tar unpack /var/folders/m6/wxxy3tv92xq0cvg7j6hyc3840000gn/T/npm-3537-uVBmSUL2/1393164581957-0.24036914785392582/tmp.tgz
37 silly lockFile 5244e27f-1957-0-24036914785392582-package tar:///var/folders/m6/wxxy3tv92xq0cvg7j6hyc3840000gn/T/npm-3537-uVBmSUL2/1393164581957-0.24036914785392582/package
38 verbose lock tar:///var/folders/m6/wxxy3tv92xq0cvg7j6hyc3840000gn/T/npm-3537-uVBmSUL2/1393164581957-0.24036914785392582/package /Users/ndhingra/.npm/5244e27f-1957-0-24036914785392582-package.lock
39 silly lockFile bca5dd0c-1957-0-24036914785392582-tmp-tgz tar:///var/folders/m6/wxxy3tv92xq0cvg7j6hyc3840000gn/T/npm-3537-uVBmSUL2/1393164581957-0.24036914785392582/tmp.tgz
40 verbose lock tar:///var/folders/m6/wxxy3tv92xq0cvg7j6hyc3840000gn/T/npm-3537-uVBmSUL2/1393164581957-0.24036914785392582/tmp.tgz /Users/ndhingra/.npm/bca5dd0c-1957-0-24036914785392582-tmp-tgz.lock
41 silly gunzTarPerm modes [ '755', '644' ]
42 silly gunzTarPerm extractEntry package.json
43 silly gunzTarPerm extractEntry .npmignore
44 silly gunzTarPerm extractEntry README.md
45 silly gunzTarPerm extractEntry LICENSE
46 silly gunzTarPerm extractEntry learnyounode.js
47 silly gunzTarPerm extractEntry help.txt
48 silly gunzTarPerm extractEntry .jshintrc
49 silly gunzTarPerm extractEntry credits.txt
50 silly gunzTarPerm extractEntry menu.json
51 silly gunzTarPerm extractEntry node_apidoc/index.html
52 silly gunzTarPerm extractEntry node_apidoc/_toc.html
53 silly gunzTarPerm extractEntry node_apidoc/all.html
54 silly gunzTarPerm extractEntry node_apidoc/assert.html
55 silly gunzTarPerm extractEntry node_apidoc/assets/sh.css
56 silly gunzTarPerm extractEntry node_apidoc/assets/style.css
57 silly gunzTarPerm extractEntry node_apidoc/buffer.html
58 silly gunzTarPerm extractEntry node_apidoc/child_process.html
59 silly gunzTarPerm extractEntry node_apidoc/cluster.html
60 silly gunzTarPerm extractEntry node_apidoc/console.html
61 silly gunzTarPerm extractEntry node_apidoc/crypto.html
62 silly gunzTarPerm extractEntry node_apidoc/debugger.html
63 silly gunzTarPerm extractEntry node_apidoc/dgram.html
64 silly gunzTarPerm extractEntry node_apidoc/dns.html
65 silly gunzTarPerm extractEntry node_apidoc/documentation.html
66 silly gunzTarPerm extractEntry node_apidoc/domain.html
67 silly gunzTarPerm extractEntry node_apidoc/events.html
68 silly gunzTarPerm extractEntry node_apidoc/fs.html
69 silly gunzTarPerm extractEntry node_apidoc/globals.html
70 silly gunzTarPerm extractEntry node_apidoc/http.html
71 silly gunzTarPerm extractEntry node_apidoc/https.html
72 silly gunzTarPerm extractEntry node_apidoc/addons.html
73 silly gunzTarPerm extractEntry node_apidoc/modules.html
74 silly gunzTarPerm extractEntry node_apidoc/net.html
75 silly gunzTarPerm extractEntry node_apidoc/os.html
76 silly gunzTarPerm extractEntry node_apidoc/path.html
77 silly gunzTarPerm extractEntry node_apidoc/process.html
78 silly gunzTarPerm extractEntry node_apidoc/punycode.html
79 silly gunzTarPerm extractEntry node_apidoc/querystring.html
80 silly gunzTarPerm extractEntry node_apidoc/readline.html
81 silly gunzTarPerm extractEntry node_apidoc/repl.html
82 silly gunzTarPerm extractEntry node_apidoc/stream.html
83 silly gunzTarPerm extractEntry node_apidoc/string_decoder.html
84 silly gunzTarPerm extractEntry node_apidoc/synopsis.html
85 silly gunzTarPerm extractEntry node_apidoc/timers.html
86 silly gunzTarPerm extractEntry node_apidoc/tls.html
87 silly gunzTarPerm extractEntry node_apidoc/tty.html
88 silly gunzTarPerm extractEntry node_apidoc/url.html
89 silly gunzTarPerm extractEntry node_apidoc/util.html
90 silly gunzTarPerm extractEntry node_apidoc/vm.html
91 silly gunzTarPerm extractEntry node_apidoc/zlib.html
92 silly gunzTarPerm extractEntry docs/bl.html
93 silly gunzTarPerm extractEntry docs/concat-stream.html
94 silly gunzTarPerm extractEntry docs/through2-map.html
95 silly gunzTarPerm extractEntry problems/http_json_api_server/setup.js
96 silly gunzTarPerm extractEntry problems/http_json_api_server/solution.js
97 silly gunzTarPerm extractEntry problems/http_json_api_server/problem.md
98 silly gunzTarPerm extractEntry problems/baby_steps/setup.js
99 silly gunzTarPerm extractEntry problems/baby_steps/solution.js
100 silly gunzTarPerm extractEntry problems/baby_steps/problem.md
101 silly gunzTarPerm extractEntry problems/hello_world/setup.js
102 silly gunzTarPerm extractEntry problems/hello_world/solution.js
103 silly gunzTarPerm extractEntry problems/hello_world/problem.md
104 silly gunzTarPerm extractEntry problems/http_client/setup.js
105 silly gunzTarPerm extractEntry problems/http_client/solution.js
106 silly gunzTarPerm extractEntry problems/http_client/problem.md
107 silly gunzTarPerm extractEntry problems/http_collect/setup.js
108 silly gunzTarPerm extractEntry problems/http_collect/solution.js
109 silly gunzTarPerm extractEntry problems/http_collect/problem.md
110 silly gunzTarPerm extractEntry problems/http_file_server/setup.js
111 silly gunzTarPerm extractEntry problems/http_file_server/solution.js
112 silly gunzTarPerm extractEntry problems/http_file_server/problem.md
113 silly gunzTarPerm extractEntry problems/filtered_ls/setup.js
114 silly gunzTarPerm extractEntry problems/filtered_ls/solution.js
115 silly gunzTarPerm extractEntry problems/filtered_ls/file-list.json
116 silly gunzTarPerm extractEntry problems/filtered_ls/problem.md
117 silly gunzTarPerm extractEntry problems/http_uppercaserer/setup.js
118 silly gunzTarPerm extractEntry problems/http_uppercaserer/solution.js
119 silly gunzTarPerm extractEntry problems/http_uppercaserer/problem.md
120 silly gunzTarPerm extractEntry problems/juggling_async/setup.js
121 silly gunzTarPerm extractEntry problems/juggling_async/solution.js
122 silly gunzTarPerm extractEntry problems/juggling_async/problem.md
123 silly gunzTarPerm extractEntry problems/make_it_modular/setup.js
124 silly gunzTarPerm extractEntry problems/make_it_modular/solution.js
125 silly gunzTarPerm extractEntry problems/make_it_modular/solution_filter.js
126 silly gunzTarPerm extractEntry problems/make_it_modular/verify.js
127 silly gunzTarPerm extractEntry problems/make_it_modular/problem.md
128 silly gunzTarPerm extractEntry problems/my_first_async_io/setup.js
129 silly gunzTarPerm extractEntry problems/my_first_async_io/solution.js
130 silly gunzTarPerm extractEntry problems/my_first_async_io/problem.md
131 silly gunzTarPerm extractEntry problems/my_first_io/setup.js
132 silly gunzTarPerm extractEntry problems/my_first_io/solution.js
133 silly gunzTarPerm extractEntry problems/my_first_io/problem.md
134 silly gunzTarPerm extractEntry problems/time_server/setup.js
135 silly gunzTarPerm extractEntry problems/time_server/solution.js
136 silly gunzTarPerm extractEntry problems/time_server/problem.md
137 silly lockFile 5244e27f-1957-0-24036914785392582-package tar:///var/folders/m6/wxxy3tv92xq0cvg7j6hyc3840000gn/T/npm-3537-uVBmSUL2/1393164581957-0.24036914785392582/package
138 silly lockFile 5244e27f-1957-0-24036914785392582-package tar:///var/folders/m6/wxxy3tv92xq0cvg7j6hyc3840000gn/T/npm-3537-uVBmSUL2/1393164581957-0.24036914785392582/package
139 silly lockFile bca5dd0c-1957-0-24036914785392582-tmp-tgz tar:///var/folders/m6/wxxy3tv92xq0cvg7j6hyc3840000gn/T/npm-3537-uVBmSUL2/1393164581957-0.24036914785392582/tmp.tgz
140 silly lockFile bca5dd0c-1957-0-24036914785392582-tmp-tgz tar:///var/folders/m6/wxxy3tv92xq0cvg7j6hyc3840000gn/T/npm-3537-uVBmSUL2/1393164581957-0.24036914785392582/tmp.tgz
141 verbose tar pack [ '/Users/ndhingra/.npm/learnyounode/0.4.1/package.tgz',
141 verbose tar pack   '/var/folders/m6/wxxy3tv92xq0cvg7j6hyc3840000gn/T/npm-3537-uVBmSUL2/1393164581957-0.24036914785392582/package' ]
142 verbose tarball /Users/ndhingra/.npm/learnyounode/0.4.1/package.tgz
143 verbose folder /var/folders/m6/wxxy3tv92xq0cvg7j6hyc3840000gn/T/npm-3537-uVBmSUL2/1393164581957-0.24036914785392582/package
144 silly lockFile 5244e27f-1957-0-24036914785392582-package tar:///var/folders/m6/wxxy3tv92xq0cvg7j6hyc3840000gn/T/npm-3537-uVBmSUL2/1393164581957-0.24036914785392582/package
145 verbose lock tar:///var/folders/m6/wxxy3tv92xq0cvg7j6hyc3840000gn/T/npm-3537-uVBmSUL2/1393164581957-0.24036914785392582/package /Users/ndhingra/.npm/5244e27f-1957-0-24036914785392582-package.lock
146 silly lockFile c39d64be-m-learnyounode-0-4-1-package-tgz tar:///Users/ndhingra/.npm/learnyounode/0.4.1/package.tgz
147 verbose lock tar:///Users/ndhingra/.npm/learnyounode/0.4.1/package.tgz /Users/ndhingra/.npm/c39d64be-m-learnyounode-0-4-1-package-tgz.lock
148 silly lockFile 5244e27f-1957-0-24036914785392582-package tar:///var/folders/m6/wxxy3tv92xq0cvg7j6hyc3840000gn/T/npm-3537-uVBmSUL2/1393164581957-0.24036914785392582/package
149 silly lockFile 5244e27f-1957-0-24036914785392582-package tar:///var/folders/m6/wxxy3tv92xq0cvg7j6hyc3840000gn/T/npm-3537-uVBmSUL2/1393164581957-0.24036914785392582/package
150 silly lockFile c39d64be-m-learnyounode-0-4-1-package-tgz tar:///Users/ndhingra/.npm/learnyounode/0.4.1/package.tgz
151 silly lockFile c39d64be-m-learnyounode-0-4-1-package-tgz tar:///Users/ndhingra/.npm/learnyounode/0.4.1/package.tgz
152 silly lockFile c90fe0d6-a-npm-learnyounode-0-4-1-package /Users/ndhingra/.npm/learnyounode/0.4.1/package
153 verbose lock /Users/ndhingra/.npm/learnyounode/0.4.1/package /Users/ndhingra/.npm/c90fe0d6-a-npm-learnyounode-0-4-1-package.lock
154 silly lockFile c90fe0d6-a-npm-learnyounode-0-4-1-package /Users/ndhingra/.npm/learnyounode/0.4.1/package
155 silly lockFile c90fe0d6-a-npm-learnyounode-0-4-1-package /Users/ndhingra/.npm/learnyounode/0.4.1/package
156 verbose tar unpack /Users/ndhingra/.npm/learnyounode/0.4.1/package.tgz
157 silly lockFile e592f306-a-npm-learnyounode-0-4-1-package tar:///Users/ndhingra/.npm/learnyounode/0.4.1/package
158 verbose lock tar:///Users/ndhingra/.npm/learnyounode/0.4.1/package /Users/ndhingra/.npm/e592f306-a-npm-learnyounode-0-4-1-package.lock
159 silly lockFile c39d64be-m-learnyounode-0-4-1-package-tgz tar:///Users/ndhingra/.npm/learnyounode/0.4.1/package.tgz
160 verbose lock tar:///Users/ndhingra/.npm/learnyounode/0.4.1/package.tgz /Users/ndhingra/.npm/c39d64be-m-learnyounode-0-4-1-package-tgz.lock
161 silly gunzTarPerm modes [ '755', '644' ]
162 silly gunzTarPerm extractEntry package.json
163 silly gunzTarPerm extractEntry .npmignore
164 silly gunzTarPerm extractEntry README.md
165 silly gunzTarPerm extractEntry LICENSE
166 silly gunzTarPerm extractEntry learnyounode.js
167 silly gunzTarPerm extractEntry help.txt
168 silly gunzTarPerm extractEntry .jshintrc
169 silly gunzTarPerm extractEntry credits.txt
170 silly gunzTarPerm extractEntry menu.json
171 silly gunzTarPerm extractEntry node_apidoc/index.html
172 silly gunzTarPerm extractEntry node_apidoc/_toc.html
173 silly gunzTarPerm extractEntry node_apidoc/all.html
174 silly gunzTarPerm extractEntry node_apidoc/assert.html
175 silly gunzTarPerm extractEntry node_apidoc/assets/sh.css
176 silly gunzTarPerm extractEntry node_apidoc/assets/style.css
177 silly gunzTarPerm extractEntry node_apidoc/buffer.html
178 silly gunzTarPerm extractEntry node_apidoc/child_process.html
179 silly gunzTarPerm extractEntry node_apidoc/cluster.html
180 silly gunzTarPerm extractEntry node_apidoc/console.html
181 silly gunzTarPerm extractEntry node_apidoc/crypto.html
182 silly gunzTarPerm extractEntry node_apidoc/debugger.html
183 silly gunzTarPerm extractEntry node_apidoc/dgram.html
184 silly gunzTarPerm extractEntry node_apidoc/dns.html
185 silly gunzTarPerm extractEntry node_apidoc/documentation.html
186 silly gunzTarPerm extractEntry node_apidoc/domain.html
187 silly gunzTarPerm extractEntry node_apidoc/events.html
188 silly gunzTarPerm extractEntry node_apidoc/fs.html
189 silly gunzTarPerm extractEntry node_apidoc/globals.html
190 silly gunzTarPerm extractEntry node_apidoc/http.html
191 silly gunzTarPerm extractEntry node_apidoc/https.html
192 silly gunzTarPerm extractEntry node_apidoc/addons.html
193 silly gunzTarPerm extractEntry node_apidoc/modules.html
194 silly gunzTarPerm extractEntry node_apidoc/net.html
195 silly gunzTarPerm extractEntry node_apidoc/os.html
196 silly gunzTarPerm extractEntry node_apidoc/path.html
197 silly gunzTarPerm extractEntry node_apidoc/process.html
198 silly gunzTarPerm extractEntry node_apidoc/punycode.html
199 silly gunzTarPerm extractEntry node_apidoc/querystring.html
200 silly gunzTarPerm extractEntry node_apidoc/readline.html
201 silly gunzTarPerm extractEntry node_apidoc/repl.html
202 silly gunzTarPerm extractEntry node_apidoc/stream.html
203 silly gunzTarPerm extractEntry node_apidoc/string_decoder.html
204 silly gunzTarPerm extractEntry node_apidoc/synopsis.html
205 silly gunzTarPerm extractEntry node_apidoc/timers.html
206 silly gunzTarPerm extractEntry node_apidoc/tls.html
207 silly gunzTarPerm extractEntry node_apidoc/tty.html
208 silly gunzTarPerm extractEntry node_apidoc/url.html
209 silly gunzTarPerm extractEntry node_apidoc/util.html
210 silly gunzTarPerm extractEntry node_apidoc/vm.html
211 silly gunzTarPerm extractEntry node_apidoc/zlib.html
212 silly gunzTarPerm extractEntry docs/bl.html
213 silly gunzTarPerm extractEntry docs/concat-stream.html
214 silly gunzTarPerm extractEntry docs/through2-map.html
215 silly gunzTarPerm extractEntry problems/http_json_api_server/setup.js
216 silly gunzTarPerm extractEntry problems/http_json_api_server/solution.js
217 silly gunzTarPerm extractEntry problems/http_json_api_server/problem.md
218 silly gunzTarPerm extractEntry problems/baby_steps/setup.js
219 silly gunzTarPerm extractEntry problems/baby_steps/solution.js
220 silly gunzTarPerm extractEntry problems/baby_steps/problem.md
221 silly gunzTarPerm extractEntry problems/hello_world/setup.js
222 silly gunzTarPerm extractEntry problems/hello_world/solution.js
223 silly gunzTarPerm extractEntry problems/hello_world/problem.md
224 silly gunzTarPerm extractEntry problems/http_client/setup.js
225 silly gunzTarPerm extractEntry problems/http_client/solution.js
226 silly gunzTarPerm extractEntry problems/http_client/problem.md
227 silly gunzTarPerm extractEntry problems/http_collect/setup.js
228 silly gunzTarPerm extractEntry problems/http_collect/solution.js
229 silly gunzTarPerm extractEntry problems/http_collect/problem.md
230 silly gunzTarPerm extractEntry problems/http_file_server/setup.js
231 silly gunzTarPerm extractEntry problems/http_file_server/solution.js
232 silly gunzTarPerm extractEntry problems/http_file_server/problem.md
233 silly gunzTarPerm extractEntry problems/filtered_ls/setup.js
234 silly gunzTarPerm extractEntry problems/filtered_ls/solution.js
235 silly gunzTarPerm extractEntry problems/filtered_ls/file-list.json
236 silly gunzTarPerm extractEntry problems/filtered_ls/problem.md
237 silly gunzTarPerm extractEntry problems/http_uppercaserer/setup.js
238 silly gunzTarPerm extractEntry problems/http_uppercaserer/solution.js
239 silly gunzTarPerm extractEntry problems/http_uppercaserer/problem.md
240 silly gunzTarPerm extractEntry problems/juggling_async/setup.js
241 silly gunzTarPerm extractEntry problems/juggling_async/solution.js
242 silly gunzTarPerm extractEntry problems/juggling_async/problem.md
243 silly gunzTarPerm extractEntry problems/make_it_modular/setup.js
244 silly gunzTarPerm extractEntry problems/make_it_modular/solution.js
245 silly gunzTarPerm extractEntry problems/make_it_modular/solution_filter.js
246 silly gunzTarPerm extractEntry problems/make_it_modular/verify.js
247 silly gunzTarPerm extractEntry problems/make_it_modular/problem.md
248 silly gunzTarPerm extractEntry problems/my_first_async_io/setup.js
249 silly gunzTarPerm extractEntry problems/my_first_async_io/solution.js
250 silly gunzTarPerm extractEntry problems/my_first_async_io/problem.md
251 silly gunzTarPerm extractEntry problems/my_first_io/setup.js
252 silly gunzTarPerm extractEntry problems/my_first_io/solution.js
253 silly gunzTarPerm extractEntry problems/my_first_io/problem.md
254 silly gunzTarPerm extractEntry problems/time_server/setup.js
255 silly gunzTarPerm extractEntry problems/time_server/solution.js
256 silly gunzTarPerm extractEntry problems/time_server/problem.md
257 silly lockFile e592f306-a-npm-learnyounode-0-4-1-package tar:///Users/ndhingra/.npm/learnyounode/0.4.1/package
258 silly lockFile e592f306-a-npm-learnyounode-0-4-1-package tar:///Users/ndhingra/.npm/learnyounode/0.4.1/package
259 silly lockFile c39d64be-m-learnyounode-0-4-1-package-tgz tar:///Users/ndhingra/.npm/learnyounode/0.4.1/package.tgz
260 silly lockFile c39d64be-m-learnyounode-0-4-1-package-tgz tar:///Users/ndhingra/.npm/learnyounode/0.4.1/package.tgz
261 verbose chmod /Users/ndhingra/.npm/learnyounode/0.4.1/package.tgz 644
262 verbose chown /Users/ndhingra/.npm/learnyounode/0.4.1/package.tgz [ 501, 20 ]
263 silly lockFile 49ad8148-rnyounode-learnyounode-0-4-1-tgz https://registry.npmjs.org/learnyounode/-/learnyounode-0.4.1.tgz
264 silly lockFile 49ad8148-rnyounode-learnyounode-0-4-1-tgz https://registry.npmjs.org/learnyounode/-/learnyounode-0.4.1.tgz
265 silly lockFile d5424c0b-learnyounode-0-4-1 learnyounode@0.4.1
266 silly lockFile d5424c0b-learnyounode-0-4-1 learnyounode@0.4.1
267 silly lockFile a353de34-learnyounode learnyounode@
268 silly lockFile a353de34-learnyounode learnyounode@
269 silly resolved [ { name: 'learnyounode',
269 silly resolved     version: '0.4.1',
269 silly resolved     description: 'Learn You The Node.js For Much Win! An intro to Node.js via a set of self-guided workshops.',
269 silly resolved     author:
269 silly resolved      { name: 'Rod Vagg',
269 silly resolved        email: 'rod@vagg.org',
269 silly resolved        url: 'https://github.com/rvagg' },
269 silly resolved     contributors: [ [Object], [Object], [Object], [Object], [Object], [Object] ],
269 silly resolved     repository:
269 silly resolved      { type: 'git',
269 silly resolved        url: 'https://github.com/rvagg/learnyounode.git' },
269 silly resolved     license: 'MIT',
269 silly resolved     dependencies:
269 silly resolved      { 'concat-stream': '~1.2.1',
269 silly resolved        duplexer: '~0.1.1',
269 silly resolved        through: '~2.3.4',
269 silly resolved        boganipsum: '~0.1.0',
269 silly resolved        hyperquest: '~0.1.8',
269 silly resolved        bl: '~0.6.0',
269 silly resolved        'through2-map': '~1.2.0',
269 silly resolved        workshopper: '~0.7.0' },
269 silly resolved     bin: { learnyounode: './learnyounode.js' },
269 silly resolved     preferGlobal: true,
269 silly resolved     readme: '# Learn You The Node.js For Much Win!\n\n**An intro to Node.js via a set of self-guided workshops.**\n\n[![NPM](https://nodei.co/npm/learnyounode.png?downloads=true&stars=true)](https://nodei.co/npm/learnyounode/) [![NPM](https://nodei.co/npm-dl/learnyounode.png?months=3)](https://nodei.co/npm/learnyounode/)\n\n![Learn You The Node.js For Much Win!](https://raw.github.com/rvagg/learnyounode/master/learnyounode.png)\n\n  1. Install [Node.js](http://nodejs.org/)\n  2. Run `sudo npm install learnyounode -g`\n  3. Run `learnyounode`\n  4. **.. profit!**\n\n<b><code>learnyounode</code></b> will run through a series of Node.js workshops. Starting at a basic *"HELLO WORLD"* and moving on to more advanced exercises about dealing with synchronous & asynchronous I/O, filesystem operations, TCP and HTTP networking, events and streams.\n\nOnce you have finished <b><code>learnyounode</code></b>, graduate to <b><code>[stream-adventure](https://github.com/substack/stream-adventure)</code></b> for a set of exercises that dig in to Node\'s streams.\n\n### Contributors\n\n<b><code>learnyounode</code></b> is proudly brought to you by the following hackers:\n\n<table><tbody>\n<tr><th align="left">Rod Vagg</th><td><a href="https://github.com/rvagg">GitHub/rvagg</a></td><td><a href="http://twitter.com/rvagg">Twitter/@rvagg</a></td></tr>\n<tr><th align="left">Andrey Sidorov</th><td><a href="https://github.com/sidorares">GitHub/sidorares</a></td><td><a href="http://twitter.com/sidorares">Twitter/@sidorares</a></td></tr>\n<tr><th align="left">Julián Duque</th><td><a href="https://github.com/julianduque">GitHub/julianduque</a></td><td><a href="http://twitter.com/julian_duque">Twitter/@julian_duque</a></td></tr>\n<tr><th align="left">Lars-Magnus Skog</th><td><a href="https://github.com/ralphtheninja">GitHub/ralphtheninja</a></td><td><a href="http://twitter.com/ralphtheninja">Twitter/@ralphtheninja</a></td></tr>\n<tr><th align="left">Tim Inman</th><td><a href="https://github.com/thehack">GitHub/thehack</a></td><td><a href="http://twitter.com/timinman">Twitter/@timinman</a></td></tr>\n<tr><th align="left">Dan Flettre</th><td><a href="https://github.com/Flet">GitHub/Flet</a></td><td><a href="http://twitter.com/flettre">Twitter/@flettre</a></td></tr>\n</tbody></table>\n\n## License\n\n**learnyounode** is Copyright (c) 2013 Rod Vagg [@rvagg](https://twitter.com/rvagg) and licenced under the MIT licence. All rights not explicitly granted in the MIT license are reserved. See the included LICENSE file for more details.\n\n**learnyounode** builds on the excellent work by [@substack](https://github.com/substack) and [@maxogden](https://github.com/maxogden) who created **[stream-adventure](https://github.com/substack/stream-adventure)** which serves as the original foundation for **learnyounode**.\n',
269 silly resolved     readmeFilename: 'README.md',
269 silly resolved     bugs: { url: 'https://github.com/rvagg/learnyounode/issues' },
269 silly resolved     homepage: 'https://github.com/rvagg/learnyounode',
269 silly resolved     _id: 'learnyounode@0.4.1',
269 silly resolved     dist: { shasum: 'c75ff4778af425c37ce544e475e217493aa48130' },
269 silly resolved     _from: 'learnyounode@',
269 silly resolved     _resolved: 'https://registry.npmjs.org/learnyounode/-/learnyounode-0.4.1.tgz' } ]
270 info install learnyounode@0.4.1 into /usr/local/lib
271 info installOne learnyounode@0.4.1
272 info /usr/local/lib/node_modules/learnyounode unbuild
273 verbose tar unpack /Users/ndhingra/.npm/learnyounode/0.4.1/package.tgz
274 silly lockFile 97422473-al-lib-node-modules-learnyounode tar:///usr/local/lib/node_modules/learnyounode
275 verbose lock tar:///usr/local/lib/node_modules/learnyounode /Users/ndhingra/.npm/97422473-al-lib-node-modules-learnyounode.lock
276 silly lockFile c39d64be-m-learnyounode-0-4-1-package-tgz tar:///Users/ndhingra/.npm/learnyounode/0.4.1/package.tgz
277 verbose lock tar:///Users/ndhingra/.npm/learnyounode/0.4.1/package.tgz /Users/ndhingra/.npm/c39d64be-m-learnyounode-0-4-1-package-tgz.lock
278 silly gunzTarPerm modes [ '755', '644' ]
279 error Error: EACCES, mkdir '/usr/local/lib/node_modules/learnyounode'
279 error  { [Error: EACCES, mkdir '/usr/local/lib/node_modules/learnyounode']
279 error   errno: 3,
279 error   code: 'EACCES',
279 error   path: '/usr/local/lib/node_modules/learnyounode',
279 error   fstream_type: 'Directory',
279 error   fstream_path: '/usr/local/lib/node_modules/learnyounode',
279 error   fstream_class: 'DirWriter',
279 error   fstream_stack:
279 error    [ '/usr/local/lib/node_modules/npm/node_modules/fstream/lib/dir-writer.js:36:23',
279 error      '/usr/local/lib/node_modules/npm/node_modules/mkdirp/index.js:37:53',
279 error      'Object.oncomplete (fs.js:107:15)' ] }
280 error Please try running this command again as root/Administrator.
281 error System Darwin 11.4.2
282 error command "node" "/usr/local/bin/npm" "install" "-g" "learnyounode"
283 error cwd /Users/ndhingra/Dropbox/1NISHA/Code/flatiron/localist
284 error node -v v0.10.24
285 error npm -v 1.3.21
286 error path /usr/local/lib/node_modules/learnyounode
287 error fstream_path /usr/local/lib/node_modules/learnyounode
288 error fstream_type Directory
289 error fstream_class DirWriter
290 error code EACCES
291 error errno 3
292 error stack Error: EACCES, mkdir '/usr/local/lib/node_modules/learnyounode'
293 error fstream_stack /usr/local/lib/node_modules/npm/node_modules/fstream/lib/dir-writer.js:36:23
293 error fstream_stack /usr/local/lib/node_modules/npm/node_modules/mkdirp/index.js:37:53
293 error fstream_stack Object.oncomplete (fs.js:107:15)
294 verbose exit [ 3, true ]
